0 info it worked if it ends with ok
1 verbose cli [ 'node', '/usr/local/bin/npm', 'install' ]
2 info using npm@1.4.28
3 info using node@v0.10.32
4 verbose readDependencies using package.json deps
5 verbose install where, deps [ '/Users/maureenbotoman/Documents/workspace/ndjf/3-hello-express',
5 verbose install   [ 'express',
5 verbose install     'body-parser',
5 verbose install     'cookie-parser',
5 verbose install     'morgan',
5 verbose install     'serve-favicon',
5 verbose install     'debug',
5 verbose install     'jade' ] ]
6 info preinstall 3-hello-express@0.0.0
7 verbose readDependencies using package.json deps
8 verbose cache add [ 'express@~4.9.0', null ]
9 verbose cache add name=undefined spec="express@~4.9.0" args=["express@~4.9.0",null]
10 verbose parsed url { protocol: null,
10 verbose parsed url   slashes: null,
10 verbose parsed url   auth: null,
10 verbose parsed url   host: null,
10 verbose parsed url   port: null,
10 verbose parsed url   hostname: null,
10 verbose parsed url   hash: null,
10 verbose parsed url   search: null,
10 verbose parsed url   query: null,
10 verbose parsed url   pathname: 'express@~4.9.0',
10 verbose parsed url   path: 'express@~4.9.0',
10 verbose parsed url   href: 'express@~4.9.0' }
11 verbose cache add [ 'body-parser@~1.8.1', null ]
12 verbose cache add name=undefined spec="body-parser@~1.8.1" args=["body-parser@~1.8.1",null]
13 verbose parsed url { protocol: null,
13 verbose parsed url   slashes: null,
13 verbose parsed url   auth: null,
13 verbose parsed url   host: null,
13 verbose parsed url   port: null,
13 verbose parsed url   hostname: null,
13 verbose parsed url   hash: null,
13 verbose parsed url   search: null,
13 verbose parsed url   query: null,
13 verbose parsed url   pathname: 'body-parser@~1.8.1',
13 verbose parsed url   path: 'body-parser@~1.8.1',
13 verbose parsed url   href: 'body-parser@~1.8.1' }
14 verbose cache add [ 'cookie-parser@~1.3.3', null ]
15 verbose cache add name=undefined spec="cookie-parser@~1.3.3" args=["cookie-parser@~1.3.3",null]
16 verbose parsed url { protocol: null,
16 verbose parsed url   slashes: null,
16 verbose parsed url   auth: null,
16 verbose parsed url   host: null,
16 verbose parsed url   port: null,
16 verbose parsed url   hostname: null,
16 verbose parsed url   hash: null,
16 verbose parsed url   search: null,
16 verbose parsed url   query: null,
16 verbose parsed url   pathname: 'cookie-parser@~1.3.3',
16 verbose parsed url   path: 'cookie-parser@~1.3.3',
16 verbose parsed url   href: 'cookie-parser@~1.3.3' }
17 verbose cache add [ 'morgan@~1.3.0', null ]
18 verbose cache add name=undefined spec="morgan@~1.3.0" args=["morgan@~1.3.0",null]
19 verbose parsed url { protocol: null,
19 verbose parsed url   slashes: null,
19 verbose parsed url   auth: null,
19 verbose parsed url   host: null,
19 verbose parsed url   port: null,
19 verbose parsed url   hostname: null,
19 verbose parsed url   hash: null,
19 verbose parsed url   search: null,
19 verbose parsed url   query: null,
19 verbose parsed url   pathname: 'morgan@~1.3.0',
19 verbose parsed url   path: 'morgan@~1.3.0',
19 verbose parsed url   href: 'morgan@~1.3.0' }
20 verbose cache add [ 'serve-favicon@~2.1.3', null ]
21 verbose cache add name=undefined spec="serve-favicon@~2.1.3" args=["serve-favicon@~2.1.3",null]
22 verbose parsed url { protocol: null,
22 verbose parsed url   slashes: null,
22 verbose parsed url   auth: null,
22 verbose parsed url   host: null,
22 verbose parsed url   port: null,
22 verbose parsed url   hostname: null,
22 verbose parsed url   hash: null,
22 verbose parsed url   search: null,
22 verbose parsed url   query: null,
22 verbose parsed url   pathname: 'serve-favicon@~2.1.3',
22 verbose parsed url   path: 'serve-favicon@~2.1.3',
22 verbose parsed url   href: 'serve-favicon@~2.1.3' }
23 verbose cache add name="express" spec="~4.9.0" args=["express","~4.9.0"]
24 verbose parsed url { protocol: null,
24 verbose parsed url   slashes: null,
24 verbose parsed url   auth: null,
24 verbose parsed url   host: null,
24 verbose parsed url   port: null,
24 verbose parsed url   hostname: null,
24 verbose parsed url   hash: null,
24 verbose parsed url   search: null,
24 verbose parsed url   query: null,
24 verbose parsed url   pathname: '~4.9.0',
24 verbose parsed url   path: '~4.9.0',
24 verbose parsed url   href: '~4.9.0' }
25 verbose addNamed [ 'express', '~4.9.0' ]
26 verbose addNamed [ null, '>=4.9.0-0 <4.10.0-0' ]
27 verbose cache add name="body-parser" spec="~1.8.1" args=["body-parser","~1.8.1"]
28 verbose parsed url { protocol: null,
28 verbose parsed url   slashes: null,
28 verbose parsed url   auth: null,
28 verbose parsed url   host: null,
28 verbose parsed url   port: null,
28 verbose parsed url   hostname: null,
28 verbose parsed url   hash: null,
28 verbose parsed url   search: null,
28 verbose parsed url   query: null,
28 verbose parsed url   pathname: '~1.8.1',
28 verbose parsed url   path: '~1.8.1',
28 verbose parsed url   href: '~1.8.1' }
29 verbose addNamed [ 'body-parser', '~1.8.1' ]
30 verbose addNamed [ null, '>=1.8.1-0 <1.9.0-0' ]
31 verbose cache add name="cookie-parser" spec="~1.3.3" args=["cookie-parser","~1.3.3"]
32 verbose parsed url { protocol: null,
32 verbose parsed url   slashes: null,
32 verbose parsed url   auth: null,
32 verbose parsed url   host: null,
32 verbose parsed url   port: null,
32 verbose parsed url   hostname: null,
32 verbose parsed url   hash: null,
32 verbose parsed url   search: null,
32 verbose parsed url   query: null,
32 verbose parsed url   pathname: '~1.3.3',
32 verbose parsed url   path: '~1.3.3',
32 verbose parsed url   href: '~1.3.3' }
33 verbose addNamed [ 'cookie-parser', '~1.3.3' ]
34 verbose addNamed [ null, '>=1.3.3-0 <1.4.0-0' ]
35 verbose cache add name="morgan" spec="~1.3.0" args=["morgan","~1.3.0"]
36 verbose parsed url { protocol: null,
36 verbose parsed url   slashes: null,
36 verbose parsed url   auth: null,
36 verbose parsed url   host: null,
36 verbose parsed url   port: null,
36 verbose parsed url   hostname: null,
36 verbose parsed url   hash: null,
36 verbose parsed url   search: null,
36 verbose parsed url   query: null,
36 verbose parsed url   pathname: '~1.3.0',
36 verbose parsed url   path: '~1.3.0',
36 verbose parsed url   href: '~1.3.0' }
37 verbose addNamed [ 'morgan', '~1.3.0' ]
38 verbose addNamed [ null, '>=1.3.0-0 <1.4.0-0' ]
39 verbose cache add name="serve-favicon" spec="~2.1.3" args=["serve-favicon","~2.1.3"]
40 verbose parsed url { protocol: null,
40 verbose parsed url   slashes: null,
40 verbose parsed url   auth: null,
40 verbose parsed url   host: null,
40 verbose parsed url   port: null,
40 verbose parsed url   hostname: null,
40 verbose parsed url   hash: null,
40 verbose parsed url   search: null,
40 verbose parsed url   query: null,
40 verbose parsed url   pathname: '~2.1.3',
40 verbose parsed url   path: '~2.1.3',
40 verbose parsed url   href: '~2.1.3' }
41 verbose addNamed [ 'serve-favicon', '~2.1.3' ]
42 verbose addNamed [ null, '>=2.1.3-0 <2.2.0-0' ]
43 verbose cache add [ 'debug@~2.0.0', null ]
44 verbose cache add name=undefined spec="debug@~2.0.0" args=["debug@~2.0.0",null]
45 verbose parsed url { protocol: null,
45 verbose parsed url   slashes: null,
45 verbose parsed url   auth: null,
45 verbose parsed url   host: null,
45 verbose parsed url   port: null,
45 verbose parsed url   hostname: null,
45 verbose parsed url   hash: null,
45 verbose parsed url   search: null,
45 verbose parsed url   query: null,
45 verbose parsed url   pathname: 'debug@~2.0.0',
45 verbose parsed url   path: 'debug@~2.0.0',
45 verbose parsed url   href: 'debug@~2.0.0' }
46 verbose cache add [ 'jade@~1.6.0', null ]
47 verbose cache add name=undefined spec="jade@~1.6.0" args=["jade@~1.6.0",null]
48 verbose parsed url { protocol: null,
48 verbose parsed url   slashes: null,
48 verbose parsed url   auth: null,
48 verbose parsed url   host: null,
48 verbose parsed url   port: null,
48 verbose parsed url   hostname: null,
48 verbose parsed url   hash: null,
48 verbose parsed url   search: null,
48 verbose parsed url   query: null,
48 verbose parsed url   pathname: 'jade@~1.6.0',
48 verbose parsed url   path: 'jade@~1.6.0',
48 verbose parsed url   href: 'jade@~1.6.0' }
49 silly lockFile 6ae7fa08-express-4-9-0 express@~4.9.0
50 verbose lock express@~4.9.0 /Users/maureenbotoman/.npm/6ae7fa08-express-4-9-0.lock
51 silly lockFile a49948c1-body-parser-1-8-1 body-parser@~1.8.1
52 verbose lock body-parser@~1.8.1 /Users/maureenbotoman/.npm/a49948c1-body-parser-1-8-1.lock
53 silly lockFile bf5babd8-cookie-parser-1-3-3 cookie-parser@~1.3.3
54 verbose lock cookie-parser@~1.3.3 /Users/maureenbotoman/.npm/bf5babd8-cookie-parser-1-3-3.lock
55 silly lockFile a4a9bdf4-morgan-1-3-0 morgan@~1.3.0
56 verbose lock morgan@~1.3.0 /Users/maureenbotoman/.npm/a4a9bdf4-morgan-1-3-0.lock
57 silly lockFile 38295489-serve-favicon-2-1-3 serve-favicon@~2.1.3
58 verbose lock serve-favicon@~2.1.3 /Users/maureenbotoman/.npm/38295489-serve-favicon-2-1-3.lock
59 verbose cache add name="debug" spec="~2.0.0" args=["debug","~2.0.0"]
60 verbose parsed url { protocol: null,
60 verbose parsed url   slashes: null,
60 verbose parsed url   auth: null,
60 verbose parsed url   host: null,
60 verbose parsed url   port: null,
60 verbose parsed url   hostname: null,
60 verbose parsed url   hash: null,
60 verbose parsed url   search: null,
60 verbose parsed url   query: null,
60 verbose parsed url   pathname: '~2.0.0',
60 verbose parsed url   path: '~2.0.0',
60 verbose parsed url   href: '~2.0.0' }
61 verbose addNamed [ 'debug', '~2.0.0' ]
62 verbose addNamed [ null, '>=2.0.0-0 <2.1.0-0' ]
63 silly lockFile 12b6356d-debug-2-0-0 debug@~2.0.0
64 verbose lock debug@~2.0.0 /Users/maureenbotoman/.npm/12b6356d-debug-2-0-0.lock
65 verbose cache add name="jade" spec="~1.6.0" args=["jade","~1.6.0"]
66 verbose parsed url { protocol: null,
66 verbose parsed url   slashes: null,
66 verbose parsed url   auth: null,
66 verbose parsed url   host: null,
66 verbose parsed url   port: null,
66 verbose parsed url   hostname: null,
66 verbose parsed url   hash: null,
66 verbose parsed url   search: null,
66 verbose parsed url   query: null,
66 verbose parsed url   pathname: '~1.6.0',
66 verbose parsed url   path: '~1.6.0',
66 verbose parsed url   href: '~1.6.0' }
67 verbose addNamed [ 'jade', '~1.6.0' ]
68 verbose addNamed [ null, '>=1.6.0-0 <1.7.0-0' ]
69 silly lockFile ad8c17a8-jade-1-6-0 jade@~1.6.0
70 verbose lock jade@~1.6.0 /Users/maureenbotoman/.npm/ad8c17a8-jade-1-6-0.lock
71 silly addNameRange { name: 'express', range: '>=4.9.0-0 <4.10.0-0', hasData: false }
72 silly addNameRange { name: 'body-parser',
72 silly addNameRange   range: '>=1.8.1-0 <1.9.0-0',
72 silly addNameRange   hasData: false }
73 silly addNameRange { name: 'cookie-parser',
73 silly addNameRange   range: '>=1.3.3-0 <1.4.0-0',
73 silly addNameRange   hasData: false }
74 silly addNameRange { name: 'morgan', range: '>=1.3.0-0 <1.4.0-0', hasData: false }
75 silly addNameRange { name: 'serve-favicon',
75 silly addNameRange   range: '>=2.1.3-0 <2.2.0-0',
75 silly addNameRange   hasData: false }
76 silly addNameRange { name: 'debug', range: '>=2.0.0-0 <2.1.0-0', hasData: false }
77 silly addNameRange { name: 'jade', range: '>=1.6.0-0 <1.7.0-0', hasData: false }
78 verbose request where is /body-parser
79 verbose request registry https://registry.npmjs.org/
80 verbose request id 993ce88b545eb694
81 verbose url raw /body-parser
82 verbose url resolving [ 'https://registry.npmjs.org/', './body-parser' ]
83 verbose url resolved https://registry.npmjs.org/body-parser
84 verbose request where is https://registry.npmjs.org/body-parser
85 info trying registry request attempt 1 at 14:27:58
86 http GET https://registry.npmjs.org/body-parser
87 verbose request where is /cookie-parser
88 verbose request registry https://registry.npmjs.org/
89 verbose url raw /cookie-parser
90 verbose url resolving [ 'https://registry.npmjs.org/', './cookie-parser' ]
91 verbose url resolved https://registry.npmjs.org/cookie-parser
92 verbose request where is https://registry.npmjs.org/cookie-parser
93 info trying registry request attempt 1 at 14:27:58
94 http GET https://registry.npmjs.org/cookie-parser
95 verbose request where is /morgan
96 verbose request registry https://registry.npmjs.org/
97 verbose url raw /morgan
98 verbose url resolving [ 'https://registry.npmjs.org/', './morgan' ]
99 verbose url resolved https://registry.npmjs.org/morgan
100 verbose request where is https://registry.npmjs.org/morgan
101 info trying registry request attempt 1 at 14:27:58
102 http GET https://registry.npmjs.org/morgan
103 verbose request where is /serve-favicon
104 verbose request registry https://registry.npmjs.org/
105 verbose url raw /serve-favicon
106 verbose url resolving [ 'https://registry.npmjs.org/', './serve-favicon' ]
107 verbose url resolved https://registry.npmjs.org/serve-favicon
108 verbose request where is https://registry.npmjs.org/serve-favicon
109 info trying registry request attempt 1 at 14:27:58
110 http GET https://registry.npmjs.org/serve-favicon
111 verbose request where is /jade
112 verbose request registry https://registry.npmjs.org/
113 verbose url raw /jade
114 verbose url resolving [ 'https://registry.npmjs.org/', './jade' ]
115 verbose url resolved https://registry.npmjs.org/jade
116 verbose request where is https://registry.npmjs.org/jade
117 info trying registry request attempt 1 at 14:27:58
118 http GET https://registry.npmjs.org/jade
119 verbose request where is /express
120 verbose request registry https://registry.npmjs.org/
121 verbose url raw /express
122 verbose url resolving [ 'https://registry.npmjs.org/', './express' ]
123 verbose url resolved https://registry.npmjs.org/express
124 verbose request where is https://registry.npmjs.org/express
125 info trying registry request attempt 1 at 14:27:58
126 verbose etag "5PXB8GLSEORPEE3BQAG0VO0Q2"
127 http GET https://registry.npmjs.org/express
128 verbose request where is /debug
129 verbose request registry https://registry.npmjs.org/
130 verbose url raw /debug
131 verbose url resolving [ 'https://registry.npmjs.org/', './debug' ]
132 verbose url resolved https://registry.npmjs.org/debug
133 verbose request where is https://registry.npmjs.org/debug
134 info trying registry request attempt 1 at 14:27:58
135 verbose etag "DXX3C82XFUEXJA7TV3DJHBCRA"
136 http GET https://registry.npmjs.org/debug
137 http 200 https://registry.npmjs.org/morgan
138 silly registry.get cb [ 200,
138 silly registry.get   { date: 'Thu, 09 Oct 2014 21:27:57 GMT',
138 silly registry.get     server: 'CouchDB/1.5.0 (Erlang OTP/R16B03)',
138 silly registry.get     etag: '"8ELLH52SOJI9QYW7H7RPI0VL0"',
138 silly registry.get     'content-type': 'application/json',
138 silly registry.get     'cache-control': 'max-age=60',
138 silly registry.get     'content-length': '24325',
138 silly registry.get     'accept-ranges': 'bytes',
138 silly registry.get     via: '1.1 varnish',
138 silly registry.get     age: '3346',
138 silly registry.get     'x-served-by': 'cache-lax1431-LAX',
138 silly registry.get     'x-cache': 'HIT',
138 silly registry.get     'x-cache-hits': '177',
138 silly registry.get     'x-timer': 'S1412890077.010613,VS0,VE0',
138 silly registry.get     vary: 'Accept',
138 silly registry.get     'keep-alive': 'timeout=10, max=50',
138 silly registry.get     connection: 'Keep-Alive' } ]
139 silly addNameRange number 2 { name: 'morgan', range: '>=1.3.0-0 <1.4.0-0', hasData: true }
140 silly addNameRange versions [ 'morgan',
140 silly addNameRange   [ '1.0.0',
140 silly addNameRange     '1.0.1',
140 silly addNameRange     '1.1.0',
140 silly addNameRange     '1.1.1',
140 silly addNameRange     '1.2.0',
140 silly addNameRange     '1.2.1',
140 silly addNameRange     '1.2.2',
140 silly addNameRange     '1.2.3',
140 silly addNameRange     '1.3.0',
140 silly addNameRange     '1.3.1',
140 silly addNameRange     '1.3.2' ] ]
141 verbose addNamed [ 'morgan', '1.3.2' ]
142 verbose addNamed [ '1.3.2', '1.3.2' ]
143 silly lockFile 7e2b41c6-morgan-1-3-2 morgan@1.3.2
144 verbose lock morgan@1.3.2 /Users/maureenbotoman/.npm/7e2b41c6-morgan-1-3-2.lock
145 silly lockFile cac8e271-pmjs-org-morgan-morgan-1-3-2-tgz https://registry.npmjs.org/morgan/-/morgan-1.3.2.tgz
146 verbose lock https://registry.npmjs.org/morgan/-/morgan-1.3.2.tgz /Users/maureenbotoman/.npm/cac8e271-pmjs-org-morgan-morgan-1-3-2-tgz.lock
147 verbose addRemoteTarball [ 'https://registry.npmjs.org/morgan/-/morgan-1.3.2.tgz',
147 verbose addRemoteTarball   'ac41aa15221ee4e5f2ac843896b6918139a18efd' ]
148 info retry fetch attempt 1 at 14:27:58
149 verbose fetch to= /var/folders/ty/33vw1ftj7q5_ysjv4hm43cn1brcggh/T/npm-27302-eNNU47pz/registry.npmjs.org/morgan/-/morgan-1.3.2.tgz
150 http GET https://registry.npmjs.org/morgan/-/morgan-1.3.2.tgz
151 http 304 https://registry.npmjs.org/express
152 silly registry.get cb [ 304,
152 silly registry.get   { date: 'Thu, 09 Oct 2014 21:27:57 GMT',
152 silly registry.get     server: 'Apache',
152 silly registry.get     via: '1.1 varnish',
152 silly registry.get     'last-modified': 'Thu, 09 Oct 2014 21:27:57 GMT',
152 silly registry.get     'cache-control': 'max-age=60',
152 silly registry.get     etag: '"5PXB8GLSEORPEE3BQAG0VO0Q2"',
152 silly registry.get     'x-served-by': 'cache-lax1431-LAX',
152 silly registry.get     'x-cache': 'HIT',
152 silly registry.get     'x-cache-hits': '1',
152 silly registry.get     'x-timer': 'S1412890077.153789,VS0,VE1',
152 silly registry.get     vary: 'Accept',
152 silly registry.get     'content-length': '0',
152 silly registry.get     'keep-alive': 'timeout=10, max=49',
152 silly registry.get     connection: 'Keep-Alive' } ]
153 verbose etag https://registry.npmjs.org/express from cache
154 http 200 https://registry.npmjs.org/cookie-parser
155 silly registry.get cb [ 200,
155 silly registry.get   { date: 'Thu, 09 Oct 2014 21:27:57 GMT',
155 silly registry.get     server: 'CouchDB/1.5.0 (Erlang OTP/R16B03)',
155 silly registry.get     etag: '"D2I21Z55J0M83YHA636O1DW9K"',
155 silly registry.get     'content-type': 'application/json',
155 silly registry.get     'cache-control': 'max-age=60',
155 silly registry.get     'content-length': '14080',
155 silly registry.get     'accept-ranges': 'bytes',
155 silly registry.get     via: '1.1 varnish',
155 silly registry.get     age: '978',
155 silly registry.get     'x-served-by': 'cache-lax1426-LAX',
155 silly registry.get     'x-cache': 'HIT',
155 silly registry.get     'x-cache-hits': '1',
155 silly registry.get     'x-timer': 'S1412890077.008225,VS0,VE0',
155 silly registry.get     vary: 'Accept',
155 silly registry.get     'keep-alive': 'timeout=10, max=50',
155 silly registry.get     connection: 'Keep-Alive' } ]
156 silly addNameRange number 2 { name: 'express', range: '>=4.9.0-0 <4.10.0-0', hasData: true }
157 silly addNameRange versions [ 'express',
157 silly addNameRange   [ '0.14.0',
157 silly addNameRange     '0.14.1',
157 silly addNameRange     '1.0.0',
157 silly addNameRange     '1.0.1',
157 silly addNameRange     '1.0.2',
157 silly addNameRange     '1.0.3',
157 silly addNameRange     '1.0.4',
157 silly addNameRange     '1.0.5',
157 silly addNameRange     '1.0.6',
157 silly addNameRange     '1.0.7',
157 silly addNameRange     '1.0.8',
157 silly addNameRange     '2.0.0',
157 silly addNameRange     '2.1.0',
157 silly addNameRange     '2.1.1',
157 silly addNameRange     '2.2.0',
157 silly addNameRange     '2.2.1',
157 silly addNameRange     '2.2.2',
157 silly addNameRange     '2.3.0',
157 silly addNameRange     '2.3.1',
157 silly addNameRange     '2.3.2',
157 silly addNameRange     '2.3.3',
157 silly addNameRange     '2.3.4',
157 silly addNameRange     '2.3.5',
157 silly addNameRange     '2.3.6',
157 silly addNameRange     '2.3.7',
157 silly addNameRange     '2.3.8',
157 silly addNameRange     '2.3.9',
157 silly addNameRange     '2.3.10',
157 silly addNameRange     '2.3.11',
157 silly addNameRange     '2.3.12',
157 silly addNameRange     '2.4.0',
157 silly addNameRange     '2.4.1',
157 silly addNameRange     '2.4.2',
157 silly addNameRange     '2.4.3',
157 silly addNameRange     '2.4.4',
157 silly addNameRange     '2.4.5',
157 silly addNameRange     '2.4.6',
157 silly addNameRange     '2.4.7',
157 silly addNameRange     '2.5.0',
157 silly addNameRange     '2.5.1',
157 silly addNameRange     '2.5.2',
157 silly addNameRange     '2.5.3',
157 silly addNameRange     '2.5.4',
157 silly addNameRange     '2.5.5',
157 silly addNameRange     '2.5.6',
157 silly addNameRange     '2.5.7',
157 silly addNameRange     '2.5.8',
157 silly addNameRange     '2.5.9',
157 silly addNameRange     '2.5.10',
157 silly addNameRange     '2.5.11',
157 silly addNameRange     '3.0.0',
157 silly addNameRange     '3.0.1',
157 silly addNameRange     '3.0.2',
157 silly addNameRange     '3.0.3',
157 silly addNameRange     '3.0.4',
157 silly addNameRange     '3.0.5',
157 silly addNameRange     '3.0.6',
157 silly addNameRange     '3.1.0',
157 silly addNameRange     '3.1.1',
157 silly addNameRange     '3.1.2',
157 silly addNameRange     '3.2.0',
157 silly addNameRange     '3.2.1',
157 silly addNameRange     '3.2.2',
157 silly addNameRange     '3.2.3',
157 silly addNameRange     '3.2.4',
157 silly addNameRange     '3.2.5',
157 silly addNameRange     '3.2.6',
157 silly addNameRange     '3.3.0',
157 silly addNameRange     '3.3.1',
157 silly addNameRange     '3.3.2',
157 silly addNameRange     '3.3.3',
157 silly addNameRange     '3.3.4',
157 silly addNameRange     '3.3.5',
157 silly addNameRange     '3.3.6',
157 silly addNameRange     '1.0.0-beta',
157 silly addNameRange     '1.0.0-beta2',
157 silly addNameRange     '1.0.0-rc',
157 silly addNameRange     '1.0.0-rc2',
157 silly addNameRange     '1.0.0-rc3',
157 silly addNameRange     '1.0.0-rc4',
157 silly addNameRange     '2.0.0-beta',
157 silly addNameRange     '2.0.0-beta2',
157 silly addNameRange     '2.0.0-beta3',
157 silly addNameRange     '2.0.0-rc',
157 silly addNameRange     '2.0.0-rc2',
157 silly addNameRange     '2.0.0-rc3',
157 silly addNameRange     '3.0.0-alpha1',
157 silly addNameRange     '3.0.0-alpha2',
157 silly addNameRange     '3.0.0-alpha3',
157 silly addNameRange     '3.0.0-alpha4',
157 silly addNameRange     '3.0.0-alpha5',
157 silly addNameRange     '3.0.0-beta1',
157 silly addNameRange     '3.0.0-beta2',
157 silly addNameRange     '3.0.0-beta3',
157 silly addNameRange     '3.0.0-beta4',
157 silly addNameRange     '3.0.0-beta6',
157 silly addNameRange     '3.0.0-beta7',
157 silly addNameRange     '3.0.0-rc1',
157 silly addNameRange     '3.0.0-rc2',
157 silly addNameRange     '3.0.0-rc3',
157 silly addNameRange     '3.0.0-rc4',
157 silly addNameRange     '3.0.0-rc5',
157 silly addNameRange     '3.3.7',
157 silly addNameRange     '3.3.8',
157 silly addNameRange     '3.4.0',
157 silly addNameRange     '3.4.1',
157 silly addNameRange     '3.4.2',
157 silly addNameRange     '3.4.3',
157 silly addNameRange     '3.4.4',
157 silly addNameRange     '3.4.5',
157 silly addNameRange     '3.4.6',
157 silly addNameRange     '3.4.7',
157 silly addNameRange     '3.4.8',
157 silly addNameRange     '4.0.0-rc1',
157 silly addNameRange     '4.0.0-rc2',
157 silly addNameRange     '3.5.0',
157 silly addNameRange     '4.0.0-rc3',
157 silly addNameRange     '4.0.0-rc4',
157 silly addNameRange     '3.5.1',
157 silly addNameRange     '4.0.0',
157 silly addNameRange     '3.5.2',
157 silly addNameRange     '4.1.0',
157 silly addNameRange     '4.1.1',
157 silly addNameRange     '3.5.3',
157 silly addNameRange     '4.1.2',
157 silly addNameRange     '3.6.0',
157 silly addNameRange     '4.2.0',
157 silly addNameRange     '3.7.0',
157 silly addNameRange     '3.8.0',
157 silly addNameRange     '4.3.0',
157 silly addNameRange     '4.3.1',
157 silly addNameRange     '3.8.1',
157 silly addNameRange     '4.3.2',
157 silly addNameRange     '3.9.0',
157 silly addNameRange     '4.4.0',
157 silly addNameRange     '4.4.1',
157 silly addNameRange     '3.10.0',
157 silly addNameRange     '3.10.1',
157 silly addNameRange     '3.10.2',
157 silly addNameRange     '3.10.3',
157 silly addNameRange     '3.10.4',
157 silly addNameRange     '4.4.2',
157 silly addNameRange     '3.10.5',
157 silly addNameRange     '4.4.3',
157 silly addNameRange     '3.11.0',
157 silly addNameRange     '4.4.4',
157 silly addNameRange     '3.12.0',
157 silly addNameRange     '3.12.1',
157 silly addNameRange     '4.4.5',
157 silly addNameRange     '3.13.0',
157 silly addNameRange     '4.5.0',
157 silly addNameRange     '4.5.1',
157 silly addNameRange     '3.14.0',
157 silly addNameRange     '4.6.0',
157 silly addNameRange     '4.6.1',
157 silly addNameRange     '3.15.0',
157 silly addNameRange     '4.7.0',
157 silly addNameRange     '3.15.1',
157 silly addNameRange     '4.7.1',
157 silly addNameRange     '3.15.2',
157 silly addNameRange     '4.7.2',
157 silly addNameRange     '4.7.3',
157 silly addNameRange     '3.15.3',
157 silly addNameRange     '4.7.4',
157 silly addNameRange     '3.16.0',
157 silly addNameRange     '4.8.0',
157 silly addNameRange     '3.16.1',
157 silly addNameRange     '4.8.1',
157 silly addNameRange     '3.16.2',
157 silly addNameRange     '4.8.2',
157 silly addNameRange     '3.16.3',
157 silly addNameRange     '3.16.4',
157 silly addNameRange     '4.8.3',
157 silly addNameRange     '3.16.5',
157 silly addNameRange     '3.16.6',
157 silly addNameRange     '4.8.4',
157 silly addNameRange     '3.16.7',
157 silly addNameRange     '4.8.5',
157 silly addNameRange     '3.16.8',
157 silly addNameRange     '4.8.6',
157 silly addNameRange     '3.16.9',
157 silly addNameRange     '4.8.7',
157 silly addNameRange     '3.16.10',
157 silly addNameRange     '4.8.8',
157 silly addNameRange     '3.17.0',
157 silly addNameRange     '3.17.1',
157 silly addNameRange     '4.9.0',
157 silly addNameRange     '3.17.2',
157 silly addNameRange     '4.9.1',
157 silly addNameRange     '4.9.2',
157 silly addNameRange     '3.17.3',
157 silly addNameRange     '4.9.3',
157 silly addNameRange     '3.17.4',
157 silly addNameRange     '4.9.4',
157 silly addNameRange     '3.17.5',
157 silly addNameRange     '4.9.5',
157 silly addNameRange     '3.17.6',
157 silly addNameRange     '3.17.7',
157 silly addNameRange     '4.9.6' ] ]
158 verbose addNamed [ 'express', '4.9.6' ]
159 verbose addNamed [ '4.9.6', '4.9.6' ]
160 silly lockFile d105be35-express-4-9-6 express@4.9.6
161 verbose lock express@4.9.6 /Users/maureenbotoman/.npm/d105be35-express-4-9-6.lock
162 silly addNameRange number 2 { name: 'cookie-parser',
162 silly addNameRange   range: '>=1.3.3-0 <1.4.0-0',
162 silly addNameRange   hasData: true }
163 silly addNameRange versions [ 'cookie-parser',
163 silly addNameRange   [ '1.0.0',
163 silly addNameRange     '1.0.1',
163 silly addNameRange     '1.1.0',
163 silly addNameRange     '1.2.0',
163 silly addNameRange     '1.3.0',
163 silly addNameRange     '1.3.1',
163 silly addNameRange     '1.3.2',
163 silly addNameRange     '1.3.3' ] ]
164 verbose addNamed [ 'cookie-parser', '1.3.3' ]
165 verbose addNamed [ '1.3.3', '1.3.3' ]
166 silly lockFile 68450bd4-cookie-parser-1-3-3 cookie-parser@1.3.3
167 verbose lock cookie-parser@1.3.3 /Users/maureenbotoman/.npm/68450bd4-cookie-parser-1-3-3.lock
168 silly lockFile 9ed24a58-js-org-express-express-4-9-6-tgz https://registry.npmjs.org/express/-/express-4.9.6.tgz
169 verbose lock https://registry.npmjs.org/express/-/express-4.9.6.tgz /Users/maureenbotoman/.npm/9ed24a58-js-org-express-express-4-9-6-tgz.lock
170 silly lockFile 864e7377-e-parser-cookie-parser-1-3-3-tgz https://registry.npmjs.org/cookie-parser/-/cookie-parser-1.3.3.tgz
171 verbose lock https://registry.npmjs.org/cookie-parser/-/cookie-parser-1.3.3.tgz /Users/maureenbotoman/.npm/864e7377-e-parser-cookie-parser-1-3-3-tgz.lock
172 verbose addRemoteTarball [ 'https://registry.npmjs.org/express/-/express-4.9.6.tgz',
172 verbose addRemoteTarball   '0b3e3970784d9133c4335c299539e6d895dbb208' ]
173 verbose addRemoteTarball [ 'https://registry.npmjs.org/cookie-parser/-/cookie-parser-1.3.3.tgz',
173 verbose addRemoteTarball   '7e3a2c745f4b460d5a340e578a0baa5d7725fe37' ]
174 info retry fetch attempt 1 at 14:27:58
175 verbose fetch to= /var/folders/ty/33vw1ftj7q5_ysjv4hm43cn1brcggh/T/npm-27302-eNNU47pz/registry.npmjs.org/express/-/express-4.9.6.tgz
176 http GET https://registry.npmjs.org/express/-/express-4.9.6.tgz
177 info retry fetch attempt 1 at 14:27:58
178 verbose fetch to= /var/folders/ty/33vw1ftj7q5_ysjv4hm43cn1brcggh/T/npm-27302-eNNU47pz/registry.npmjs.org/cookie-parser/-/cookie-parser-1.3.3.tgz
179 http GET https://registry.npmjs.org/cookie-parser/-/cookie-parser-1.3.3.tgz
180 http 200 https://registry.npmjs.org/serve-favicon
181 silly registry.get cb [ 200,
181 silly registry.get   { date: 'Thu, 09 Oct 2014 21:27:57 GMT',
181 silly registry.get     server: 'CouchDB/1.5.0 (Erlang OTP/R16B03)',
181 silly registry.get     etag: '"7DE7XCB1YNR2K4M0V914W2FL0"',
181 silly registry.get     'content-type': 'application/json',
181 silly registry.get     'cache-control': 'max-age=60',
181 silly registry.get     'content-length': '15400',
181 silly registry.get     'accept-ranges': 'bytes',
181 silly registry.get     via: '1.1 varnish',
181 silly registry.get     age: '2053',
181 silly registry.get     'x-served-by': 'cache-lax1426-LAX',
181 silly registry.get     'x-cache': 'HIT',
181 silly registry.get     'x-cache-hits': '1',
181 silly registry.get     'x-timer': 'S1412890077.006923,VS0,VE0',
181 silly registry.get     vary: 'Accept',
181 silly registry.get     'keep-alive': 'timeout=10, max=50',
181 silly registry.get     connection: 'Keep-Alive' } ]
182 silly addNameRange number 2 { name: 'serve-favicon',
182 silly addNameRange   range: '>=2.1.3-0 <2.2.0-0',
182 silly addNameRange   hasData: true }
183 silly addNameRange versions [ 'serve-favicon',
183 silly addNameRange   [ '2.0.0',
183 silly addNameRange     '2.0.1',
183 silly addNameRange     '2.1.0',
183 silly addNameRange     '2.1.1',
183 silly addNameRange     '2.1.2',
183 silly addNameRange     '2.1.3',
183 silly addNameRange     '2.1.4',
183 silly addNameRange     '2.1.5' ] ]
184 verbose addNamed [ 'serve-favicon', '2.1.5' ]
185 verbose addNamed [ '2.1.5', '2.1.5' ]
186 silly lockFile f49d9e7e-serve-favicon-2-1-5 serve-favicon@2.1.5
187 verbose lock serve-favicon@2.1.5 /Users/maureenbotoman/.npm/f49d9e7e-serve-favicon-2-1-5.lock
188 silly lockFile 13055578--favicon-serve-favicon-2-1-5-tgz https://registry.npmjs.org/serve-favicon/-/serve-favicon-2.1.5.tgz
189 verbose lock https://registry.npmjs.org/serve-favicon/-/serve-favicon-2.1.5.tgz /Users/maureenbotoman/.npm/13055578--favicon-serve-favicon-2-1-5-tgz.lock
190 verbose addRemoteTarball [ 'https://registry.npmjs.org/serve-favicon/-/serve-favicon-2.1.5.tgz',
190 verbose addRemoteTarball   '8eba1830890bddbbf042e8d5c6456c7d004f6175' ]
191 info retry fetch attempt 1 at 14:27:59
192 verbose fetch to= /var/folders/ty/33vw1ftj7q5_ysjv4hm43cn1brcggh/T/npm-27302-eNNU47pz/registry.npmjs.org/serve-favicon/-/serve-favicon-2.1.5.tgz
193 http GET https://registry.npmjs.org/serve-favicon/-/serve-favicon-2.1.5.tgz
194 http 304 https://registry.npmjs.org/debug
195 silly registry.get cb [ 304,
195 silly registry.get   { date: 'Thu, 09 Oct 2014 21:27:57 GMT',
195 silly registry.get     server: 'Apache',
195 silly registry.get     via: '1.1 varnish',
195 silly registry.get     'last-modified': 'Thu, 09 Oct 2014 21:27:57 GMT',
195 silly registry.get     'cache-control': 'max-age=60',
195 silly registry.get     etag: '"DXX3C82XFUEXJA7TV3DJHBCRA"',
195 silly registry.get     'x-served-by': 'cache-lax1431-LAX',
195 silly registry.get     'x-cache': 'HIT',
195 silly registry.get     'x-cache-hits': '2',
195 silly registry.get     'x-timer': 'S1412890077.213682,VS0,VE180',
195 silly registry.get     vary: 'Accept',
195 silly registry.get     'content-length': '0',
195 silly registry.get     'keep-alive': 'timeout=10, max=48',
195 silly registry.get     connection: 'Keep-Alive' } ]
196 verbose etag https://registry.npmjs.org/debug from cache
197 silly addNameRange number 2 { name: 'debug', range: '>=2.0.0-0 <2.1.0-0', hasData: true }
198 silly addNameRange versions [ 'debug',
198 silly addNameRange   [ '0.0.1',
198 silly addNameRange     '0.1.0',
198 silly addNameRange     '0.2.0',
198 silly addNameRange     '0.3.0',
198 silly addNameRange     '0.4.0',
198 silly addNameRange     '0.4.1',
198 silly addNameRange     '0.5.0',
198 silly addNameRange     '0.6.0',
198 silly addNameRange     '0.7.0',
198 silly addNameRange     '0.7.1',
198 silly addNameRange     '0.7.2',
198 silly addNameRange     '0.7.3',
198 silly addNameRange     '0.7.4',
198 silly addNameRange     '0.8.0',
198 silly addNameRange     '0.8.1',
198 silly addNameRange     '1.0.0',
198 silly addNameRange     '1.0.1',
198 silly addNameRange     '1.0.2',
198 silly addNameRange     '1.0.3',
198 silly addNameRange     '1.0.4',
198 silly addNameRange     '2.0.0' ] ]
199 verbose addNamed [ 'debug', '2.0.0' ]
200 verbose addNamed [ '2.0.0', '2.0.0' ]
201 silly lockFile 095bd820-debug-2-0-0 debug@2.0.0
202 verbose lock debug@2.0.0 /Users/maureenbotoman/.npm/095bd820-debug-2-0-0.lock
203 silly lockFile e2182b07--npmjs-org-debug-debug-2-0-0-tgz https://registry.npmjs.org/debug/-/debug-2.0.0.tgz
204 verbose lock https://registry.npmjs.org/debug/-/debug-2.0.0.tgz /Users/maureenbotoman/.npm/e2182b07--npmjs-org-debug-debug-2-0-0-tgz.lock
205 verbose addRemoteTarball [ 'https://registry.npmjs.org/debug/-/debug-2.0.0.tgz',
205 verbose addRemoteTarball   '89bd9df6732b51256bc6705342bba02ed12131ef' ]
206 info retry fetch attempt 1 at 14:27:59
207 verbose fetch to= /var/folders/ty/33vw1ftj7q5_ysjv4hm43cn1brcggh/T/npm-27302-eNNU47pz/registry.npmjs.org/debug/-/debug-2.0.0.tgz
208 http GET https://registry.npmjs.org/debug/-/debug-2.0.0.tgz
209 http 200 https://registry.npmjs.org/morgan/-/morgan-1.3.2.tgz
210 silly lockFile cac8e271-pmjs-org-morgan-morgan-1-3-2-tgz https://registry.npmjs.org/morgan/-/morgan-1.3.2.tgz
211 silly lockFile cac8e271-pmjs-org-morgan-morgan-1-3-2-tgz https://registry.npmjs.org/morgan/-/morgan-1.3.2.tgz
212 silly lockFile 7e2b41c6-morgan-1-3-2 morgan@1.3.2
213 silly lockFile 7e2b41c6-morgan-1-3-2 morgan@1.3.2
214 silly lockFile a4a9bdf4-morgan-1-3-0 morgan@~1.3.0
215 silly lockFile a4a9bdf4-morgan-1-3-0 morgan@~1.3.0
216 http 200 https://registry.npmjs.org/express/-/express-4.9.6.tgz
217 http 200 https://registry.npmjs.org/jade
218 silly registry.get cb [ 200,
218 silly registry.get   { date: 'Thu, 09 Oct 2014 21:27:57 GMT',
218 silly registry.get     server: 'CouchDB/1.5.0 (Erlang OTP/R16B03)',
218 silly registry.get     etag: '"2O8A36TZF8FAVX35MDT0V2IQJ"',
218 silly registry.get     'content-type': 'application/json',
218 silly registry.get     'cache-control': 'max-age=60',
218 silly registry.get     'content-length': '127374',
218 silly registry.get     'accept-ranges': 'bytes',
218 silly registry.get     via: '1.1 varnish',
218 silly registry.get     age: '1401',
218 silly registry.get     'x-served-by': 'cache-lax1434-LAX',
218 silly registry.get     'x-cache': 'HIT',
218 silly registry.get     'x-cache-hits': '2',
218 silly registry.get     'x-timer': 'S1412890077.007843,VS0,VE0',
218 silly registry.get     vary: 'Accept',
218 silly registry.get     'keep-alive': 'timeout=10, max=50',
218 silly registry.get     connection: 'Keep-Alive' } ]
219 silly addNameRange number 2 { name: 'jade', range: '>=1.6.0-0 <1.7.0-0', hasData: true }
220 silly addNameRange versions [ 'jade',
220 silly addNameRange   [ '0.0.1',
220 silly addNameRange     '0.0.2',
220 silly addNameRange     '0.1.0',
220 silly addNameRange     '0.2.0',
220 silly addNameRange     '0.2.1',
220 silly addNameRange     '0.2.2',
220 silly addNameRange     '0.2.3',
220 silly addNameRange     '0.2.4',
220 silly addNameRange     '0.3.0',
220 silly addNameRange     '0.4.0',
220 silly addNameRange     '0.4.1',
220 silly addNameRange     '0.5.0',
220 silly addNameRange     '0.5.1',
220 silly addNameRange     '0.5.2',
220 silly addNameRange     '0.5.3',
220 silly addNameRange     '0.5.4',
220 silly addNameRange     '0.5.5',
220 silly addNameRange     '0.5.6',
220 silly addNameRange     '0.5.7',
220 silly addNameRange     '0.6.0',
220 silly addNameRange     '0.6.1',
220 silly addNameRange     '0.6.3',
220 silly addNameRange     '0.7.0',
220 silly addNameRange     '0.7.1',
220 silly addNameRange     '0.8.0',
220 silly addNameRange     '0.8.1',
220 silly addNameRange     '0.8.2',
220 silly addNameRange     '0.8.3',
220 silly addNameRange     '0.8.4',
220 silly addNameRange     '0.8.5',
220 silly addNameRange     '0.8.6',
220 silly addNameRange     '0.8.7',
220 silly addNameRange     '0.8.8',
220 silly addNameRange     '0.8.9',
220 silly addNameRange     '0.9.0',
220 silly addNameRange     '0.9.1',
220 silly addNameRange     '0.9.2',
220 silly addNameRange     '0.9.3',
220 silly addNameRange     '0.10.0',
220 silly addNameRange     '0.10.1',
220 silly addNameRange     '0.10.2',
220 silly addNameRange     '0.10.3',
220 silly addNameRange     '0.10.4',
220 silly addNameRange     '0.10.5',
220 silly addNameRange     '0.10.6',
220 silly addNameRange     '0.10.7',
220 silly addNameRange     '0.11.0',
220 silly addNameRange     '0.11.1',
220 silly addNameRange     '0.12.0',
220 silly addNameRange     '0.12.1',
220 silly addNameRange     '0.12.2',
220 silly addNameRange     '0.12.3',
220 silly addNameRange     '0.12.4',
220 silly addNameRange     '0.13.0',
220 silly addNameRange     '0.14.0',
220 silly addNameRange     '0.14.1',
220 silly addNameRange     '0.14.2',
220 silly addNameRange     '0.15.0',
220 silly addNameRange     '0.15.1',
220 silly addNameRange     '0.15.2',
220 silly addNameRange     '0.15.3',
220 silly addNameRange     '0.15.4',
220 silly addNameRange     '0.16.0',
220 silly addNameRange     '0.16.1',
220 silly addNameRange     '0.16.2',
220 silly addNameRange     '0.16.3',
220 silly addNameRange     '0.16.4',
220 silly addNameRange     '0.17.0',
220 silly addNameRange     '0.18.0',
220 silly addNameRange     '0.19.0',
220 silly addNameRange     '0.20.0',
220 silly addNameRange     '0.20.1',
220 silly addNameRange     '0.20.2',
220 silly addNameRange     '0.20.3',
220 silly addNameRange     '0.21.0',
220 silly addNameRange     '0.22.0',
220 silly addNameRange     '0.22.1',
220 silly addNameRange     '0.23.0',
220 silly addNameRange     '0.24.0',
220 silly addNameRange     '0.25.0',
220 silly addNameRange     '0.26.0',
220 silly addNameRange     '0.26.1',
220 silly addNameRange     '0.26.2',
220 silly addNameRange     '0.26.3',
220 silly addNameRange     '0.27.0',
220 silly addNameRange     '0.27.1',
220 silly addNameRange     '0.27.2',
220 silly addNameRange     '0.27.3',
220 silly addNameRange     '0.27.4',
220 silly addNameRange     '0.27.5',
220 silly addNameRange     '0.27.6',
220 silly addNameRange     '0.27.7',
220 silly addNameRange     '0.28.0',
220 silly addNameRange     '0.28.1',
220 silly addNameRange     '0.28.2',
220 silly addNameRange     '0.29.0',
220 silly addNameRange     '0.30.0',
220 silly addNameRange     '0.31.0',
220 silly addNameRange     '0.31.1',
220 silly addNameRange     '0.31.2',
220 silly addNameRange     '0.32.0',
220 silly addNameRange     '0.33.0',
220 silly addNameRange     '0.34.0',
220 silly addNameRange     '0.34.1',
220 silly addNameRange     '0.35.0',
220 silly addNameRange     '1.0.0',
220 silly addNameRange     '1.0.1',
220 silly addNameRange     '1.0.2',
220 silly addNameRange     '1.1.0',
220 silly addNameRange     '1.1.1',
220 silly addNameRange     '1.1.2',
220 silly addNameRange     '1.1.3',
220 silly addNameRange     '1.1.4',
220 silly addNameRange     '1.1.5',
220 silly addNameRange     '1.2.0',
220 silly addNameRange     '1.3.0',
220 silly addNameRange     '1.3.1',
220 silly addNameRange     '1.4.0',
220 silly addNameRange     '1.4.1',
220 silly addNameRange     '1.4.2',
220 silly addNameRange     '1.5.0',
220 silly addNameRange     '1.6.0',
220 silly addNameRange     '1.7.0' ] ]
221 verbose addNamed [ 'jade', '1.6.0' ]
222 verbose addNamed [ '1.6.0', '1.6.0' ]
223 silly lockFile c06071bd-jade-1-6-0 jade@1.6.0
224 verbose lock jade@1.6.0 /Users/maureenbotoman/.npm/c06071bd-jade-1-6-0.lock
225 silly lockFile 7bdc82f5-ry-npmjs-org-jade-jade-1-6-0-tgz https://registry.npmjs.org/jade/-/jade-1.6.0.tgz
226 verbose lock https://registry.npmjs.org/jade/-/jade-1.6.0.tgz /Users/maureenbotoman/.npm/7bdc82f5-ry-npmjs-org-jade-jade-1-6-0-tgz.lock
227 verbose addRemoteTarball [ 'https://registry.npmjs.org/jade/-/jade-1.6.0.tgz',
227 verbose addRemoteTarball   'c02540cd97b1014db3c15743746bc3dcd54170f9' ]
228 info retry fetch attempt 1 at 14:27:59
229 verbose fetch to= /var/folders/ty/33vw1ftj7q5_ysjv4hm43cn1brcggh/T/npm-27302-eNNU47pz/registry.npmjs.org/jade/-/jade-1.6.0.tgz
230 http GET https://registry.npmjs.org/jade/-/jade-1.6.0.tgz
231 silly lockFile 9ed24a58-js-org-express-express-4-9-6-tgz https://registry.npmjs.org/express/-/express-4.9.6.tgz
232 silly lockFile 9ed24a58-js-org-express-express-4-9-6-tgz https://registry.npmjs.org/express/-/express-4.9.6.tgz
233 silly lockFile d105be35-express-4-9-6 express@4.9.6
234 silly lockFile d105be35-express-4-9-6 express@4.9.6
235 silly lockFile 6ae7fa08-express-4-9-0 express@~4.9.0
236 silly lockFile 6ae7fa08-express-4-9-0 express@~4.9.0
237 http 200 https://registry.npmjs.org/cookie-parser/-/cookie-parser-1.3.3.tgz
238 http 200 https://registry.npmjs.org/jade/-/jade-1.6.0.tgz
239 silly lockFile 864e7377-e-parser-cookie-parser-1-3-3-tgz https://registry.npmjs.org/cookie-parser/-/cookie-parser-1.3.3.tgz
240 silly lockFile 864e7377-e-parser-cookie-parser-1-3-3-tgz https://registry.npmjs.org/cookie-parser/-/cookie-parser-1.3.3.tgz
241 silly lockFile 68450bd4-cookie-parser-1-3-3 cookie-parser@1.3.3
242 silly lockFile 68450bd4-cookie-parser-1-3-3 cookie-parser@1.3.3
243 silly lockFile bf5babd8-cookie-parser-1-3-3 cookie-parser@~1.3.3
244 silly lockFile bf5babd8-cookie-parser-1-3-3 cookie-parser@~1.3.3
245 http 200 https://registry.npmjs.org/serve-favicon/-/serve-favicon-2.1.5.tgz
246 silly lockFile 13055578--favicon-serve-favicon-2-1-5-tgz https://registry.npmjs.org/serve-favicon/-/serve-favicon-2.1.5.tgz
247 silly lockFile 13055578--favicon-serve-favicon-2-1-5-tgz https://registry.npmjs.org/serve-favicon/-/serve-favicon-2.1.5.tgz
248 silly lockFile f49d9e7e-serve-favicon-2-1-5 serve-favicon@2.1.5
249 silly lockFile f49d9e7e-serve-favicon-2-1-5 serve-favicon@2.1.5
250 silly lockFile 38295489-serve-favicon-2-1-3 serve-favicon@~2.1.3
251 silly lockFile 38295489-serve-favicon-2-1-3 serve-favicon@~2.1.3
252 http 200 https://registry.npmjs.org/debug/-/debug-2.0.0.tgz
253 silly lockFile 7bdc82f5-ry-npmjs-org-jade-jade-1-6-0-tgz https://registry.npmjs.org/jade/-/jade-1.6.0.tgz
254 silly lockFile 7bdc82f5-ry-npmjs-org-jade-jade-1-6-0-tgz https://registry.npmjs.org/jade/-/jade-1.6.0.tgz
255 silly lockFile c06071bd-jade-1-6-0 jade@1.6.0
256 silly lockFile c06071bd-jade-1-6-0 jade@1.6.0
257 silly lockFile ad8c17a8-jade-1-6-0 jade@~1.6.0
258 silly lockFile ad8c17a8-jade-1-6-0 jade@~1.6.0
259 silly lockFile e2182b07--npmjs-org-debug-debug-2-0-0-tgz https://registry.npmjs.org/debug/-/debug-2.0.0.tgz
260 silly lockFile e2182b07--npmjs-org-debug-debug-2-0-0-tgz https://registry.npmjs.org/debug/-/debug-2.0.0.tgz
261 silly lockFile 095bd820-debug-2-0-0 debug@2.0.0
262 silly lockFile 095bd820-debug-2-0-0 debug@2.0.0
263 silly lockFile 12b6356d-debug-2-0-0 debug@~2.0.0
264 silly lockFile 12b6356d-debug-2-0-0 debug@~2.0.0
265 http 200 https://registry.npmjs.org/body-parser
266 silly registry.get cb [ 200,
266 silly registry.get   { date: 'Thu, 09 Oct 2014 21:28:02 GMT',
266 silly registry.get     server: 'CouchDB/1.5.0 (Erlang OTP/R16B03)',
266 silly registry.get     etag: '"2Z3MRRW3UTD2PGDGVXU6ZKF4D"',
266 silly registry.get     'content-type': 'application/json',
266 silly registry.get     'cache-control': 'max-age=60',
266 silly registry.get     'content-length': '67602',
266 silly registry.get     'accept-ranges': 'bytes',
266 silly registry.get     via: '1.1 varnish',
266 silly registry.get     age: '395',
266 silly registry.get     'x-served-by': 'cache-lax1435-LAX',
266 silly registry.get     'x-cache': 'HIT',
266 silly registry.get     'x-cache-hits': '1',
266 silly registry.get     'x-timer': 'S1412890082.617394,VS0,VE0',
266 silly registry.get     vary: 'Accept',
266 silly registry.get     'keep-alive': 'timeout=10, max=50',
266 silly registry.get     connection: 'Keep-Alive' } ]
267 silly addNameRange number 2 { name: 'body-parser',
267 silly addNameRange   range: '>=1.8.1-0 <1.9.0-0',
267 silly addNameRange   hasData: true }
268 silly addNameRange versions [ 'body-parser',
268 silly addNameRange   [ '1.0.0',
268 silly addNameRange     '1.0.1',
268 silly addNameRange     '1.0.2',
268 silly addNameRange     '1.1.0',
268 silly addNameRange     '1.1.1',
268 silly addNameRange     '1.1.2',
268 silly addNameRange     '1.2.0',
268 silly addNameRange     '1.2.1',
268 silly addNameRange     '1.2.2',
268 silly addNameRange     '1.3.0',
268 silly addNameRange     '1.3.1',
268 silly addNameRange     '1.4.0',
268 silly addNameRange     '1.4.1',
268 silly addNameRange     '1.4.2',
268 silly addNameRange     '1.4.3',
268 silly addNameRange     '1.5.0',
268 silly addNameRange     '1.5.1',
268 silly addNameRange     '1.5.2',
268 silly addNameRange     '1.6.0',
268 silly addNameRange     '1.6.1',
268 silly addNameRange     '1.6.2',
268 silly addNameRange     '1.6.3',
268 silly addNameRange     '1.6.4',
268 silly addNameRange     '1.6.5',
268 silly addNameRange     '1.6.6',
268 silly addNameRange     '1.6.7',
268 silly addNameRange     '1.7.0',
268 silly addNameRange     '1.8.0',
268 silly addNameRange     '1.8.1',
268 silly addNameRange     '1.8.2',
268 silly addNameRange     '1.8.3',
268 silly addNameRange     '1.8.4',
268 silly addNameRange     '1.9.0' ] ]
269 verbose addNamed [ 'body-parser', '1.8.4' ]
270 verbose addNamed [ '1.8.4', '1.8.4' ]
271 silly lockFile 5cba912c-body-parser-1-8-4 body-parser@1.8.4
272 verbose lock body-parser@1.8.4 /Users/maureenbotoman/.npm/5cba912c-body-parser-1-8-4.lock
273 silly lockFile 58a51cf2-ody-parser-body-parser-1-8-4-tgz https://registry.npmjs.org/body-parser/-/body-parser-1.8.4.tgz
274 verbose lock https://registry.npmjs.org/body-parser/-/body-parser-1.8.4.tgz /Users/maureenbotoman/.npm/58a51cf2-ody-parser-body-parser-1-8-4-tgz.lock
275 verbose addRemoteTarball [ 'https://registry.npmjs.org/body-parser/-/body-parser-1.8.4.tgz',
275 verbose addRemoteTarball   'd497e04bc13b3f9a8bd8c70bb0cdc16f2e028898' ]
276 info retry fetch attempt 1 at 14:28:04
277 verbose fetch to= /var/folders/ty/33vw1ftj7q5_ysjv4hm43cn1brcggh/T/npm-27302-eNNU47pz/registry.npmjs.org/body-parser/-/body-parser-1.8.4.tgz
278 http GET https://registry.npmjs.org/body-parser/-/body-parser-1.8.4.tgz
279 http 200 https://registry.npmjs.org/body-parser/-/body-parser-1.8.4.tgz
280 silly lockFile 58a51cf2-ody-parser-body-parser-1-8-4-tgz https://registry.npmjs.org/body-parser/-/body-parser-1.8.4.tgz
281 silly lockFile 58a51cf2-ody-parser-body-parser-1-8-4-tgz https://registry.npmjs.org/body-parser/-/body-parser-1.8.4.tgz
282 silly lockFile 5cba912c-body-parser-1-8-4 body-parser@1.8.4
283 silly lockFile 5cba912c-body-parser-1-8-4 body-parser@1.8.4
284 silly lockFile a49948c1-body-parser-1-8-1 body-parser@~1.8.1
285 silly lockFile a49948c1-body-parser-1-8-1 body-parser@~1.8.1
286 error Error: EACCES, mkdir '/Users/maureenbotoman/.npm/express/4.9.6'
286 error  { [Error: EACCES, mkdir '/Users/maureenbotoman/.npm/express/4.9.6']
286 error   errno: 3,
286 error   code: 'EACCES',
286 error   path: '/Users/maureenbotoman/.npm/express/4.9.6',
286 error   parent: '3-hello-express' }
287 error Please try running this command again as root/Administrator.
288 error System Darwin 13.3.0
289 error command "node" "/usr/local/bin/npm" "install"
290 error cwd /Users/maureenbotoman/Documents/workspace/ndjf/3-hello-express
291 error node -v v0.10.32
292 error npm -v 1.4.28
293 error path /Users/maureenbotoman/.npm/express/4.9.6
294 error code EACCES
295 error errno 3
296 error stack Error: EACCES, mkdir '/Users/maureenbotoman/.npm/express/4.9.6'
297 verbose exit [ 3, true ]
